Determining if the pthread_create exist failed with the following output:
Change Dir: /home/fan/ros_slam/cartographer/build/CMakeFiles/CMakeTmp

Run Build Command:"/usr/bin/make" "cmTC_cb306/fast"
/usr/bin/make -f CMakeFiles/cmTC_cb306.dir/build.make CMakeFiles/cmTC_cb306.dir/build
make[1]: Entering directory '/home/fan/ros_slam/cartographer/build/CMakeFiles/CMakeTmp'
Building C object CMakeFiles/cmTC_cb306.dir/CheckSymbolExists.c.o
/usr/bin/cc     -o CMakeFiles/cmTC_cb306.dir/CheckSymbolExists.c.o   -c /home/fan/ros_slam/cartographer/build/CMakeFiles/CMakeTmp/CheckSymbolExists.c
Linking C executable cmTC_cb306
/usr/bin/cmake -E cmake_link_script CMakeFiles/cmTC_cb306.dir/link.txt --verbose=1
/usr/bin/cc       CMakeFiles/cmTC_cb306.dir/CheckSymbolExists.c.o  -o cmTC_cb306 -rdynamic 
CMakeFiles/cmTC_cb306.dir/CheckSymbolExists.c.o: In function `main':
CheckSymbolExists.c:(.text+0x16): undefined reference to `pthread_create'
collect2: error: ld returned 1 exit status
CMakeFiles/cmTC_cb306.dir/build.make:97: recipe for target 'cmTC_cb306' failed
make[1]: *** [cmTC_cb306] Error 1
make[1]: Leaving directory '/home/fan/ros_slam/cartographer/build/CMakeFiles/CMakeTmp'
Makefile:126: recipe for target 'cmTC_cb306/fast' failed
make: *** [cmTC_cb306/fast] Error 2

File /home/fan/ros_slam/cartographer/build/CMakeFiles/CMakeTmp/CheckSymbolExists.c:
/* */
#include <pthread.h>

int main(int argc, char** argv)
{
  (void)argv;
#ifndef pthread_create
  return ((int*)(&pthread_create))[argc];
#else
  (void)argc;
  return 0;
#endif
}

Determining if the function pthread_create exists in the pthreads failed with the following output:
Change Dir: /home/fan/ros_slam/cartographer/build/CMakeFiles/CMakeTmp

Run Build Command:"/usr/bin/make" "cmTC_a413c/fast"
/usr/bin/make -f CMakeFiles/cmTC_a413c.dir/build.make CMakeFiles/cmTC_a413c.dir/build
make[1]: Entering directory '/home/fan/ros_slam/cartographer/build/CMakeFiles/CMakeTmp'
Building C object CMakeFiles/cmTC_a413c.dir/CheckFunctionExists.c.o
/usr/bin/cc    -DCHECK_FUNCTION_EXISTS=pthread_create   -o CMakeFiles/cmTC_a413c.dir/CheckFunctionExists.c.o   -c /usr/share/cmake-3.5/Modules/CheckFunctionExists.c
Linking C executable cmTC_a413c
/usr/bin/cmake -E cmake_link_script CMakeFiles/cmTC_a413c.dir/link.txt --verbose=1
/usr/bin/cc   -DCHECK_FUNCTION_EXISTS=pthread_create    CMakeFiles/cmTC_a413c.dir/CheckFunctionExists.c.o  -o cmTC_a413c -rdynamic -lpthreads 
/usr/bin/ld: cannot find -lpthreads
collect2: error: ld returned 1 exit status
CMakeFiles/cmTC_a413c.dir/build.make:97: recipe for target 'cmTC_a413c' failed
make[1]: *** [cmTC_a413c] Error 1
make[1]: Leaving directory '/home/fan/ros_slam/cartographer/build/CMakeFiles/CMakeTmp'
Makefile:126: recipe for target 'cmTC_a413c/fast' failed
make: *** [cmTC_a413c/fast] Error 2


